<?xml version="1.0" encoding="UTF-8"?>
<testng-results ignored="0" total="2" passed="2" failed="0" skipped="0">
  <reporter-output>
  </reporter-output>
  <suite started-at="2023-11-02T17:07:30 IST" name="Default suite" finished-at="2023-11-02T17:07:33 IST" duration-ms="3296">
    <groups>
    </groups>
    <test started-at="2023-11-02T17:07:30 IST" name="Default test" finished-at="2023-11-02T17:07:33 IST" duration-ms="3296">
      <class name="Ecomm_App.LoginAPI">
        <test-method signature="loginAPICall()[pri:1, instance:Ecomm_App.LoginAPI@479d31f3]" started-at="2023-11-02T17:07:30 IST" name="loginAPICall" finished-at="2023-11-02T17:07:33 IST" duration-ms="2943" status="PASS">
          <reporter-output>
          </reporter-output>
        </test-method> <!-- loginAPICall -->
        <test-method signature="addProduct()[pri:2, instance:Ecomm_App.LoginAPI@479d31f3]" started-at="2023-11-02T17:07:33 IST" name="addProduct" finished-at="2023-11-02T17:07:33 IST" duration-ms="300" status="PASS">
          <reporter-output>
          </reporter-output>
        </test-method> <!-- addProduct -->
      </class> <!-- Ecomm_App.LoginAPI -->
    </test> <!-- Default test -->
  </suite> <!-- Default suite -->
</testng-results>
